[1.916s] Invoking command in '/home/long/tello_teleop_twist_keyboard/teleop_twist_keyboard': PYTHONPATH=/home/long/tello_teleop_twist_keyboard/teleop_twist_keyboard/build/teleop_twist_keyboard/prefix_override:/home/long/tello_teleop_twist_keyboard/teleop_twist_keyboard/install/teleop_twist_keyboard/lib/python3.8/site-packages:${PYTHONPATH} /usr/bin/python3 setup.py egg_info --egg-base build/teleop_twist_keyboard build --build-base /home/long/tello_teleop_twist_keyboard/teleop_twist_keyboard/build/teleop_twist_keyboard/build install --record /home/long/tello_teleop_twist_keyboard/teleop_twist_keyboard/build/teleop_twist_keyboard/install.log --single-version-externally-managed
[2.143s] running egg_info
[2.143s] writing build/teleop_twist_keyboard/teleop_twist_keyboard.egg-info/PKG-INFO
[2.144s] writing dependency_links to build/teleop_twist_keyboard/teleop_twist_keyboard.egg-info/dependency_links.txt
[2.144s] writing entry points to build/teleop_twist_keyboard/teleop_twist_keyboard.egg-info/entry_points.txt
[2.144s] writing requirements to build/teleop_twist_keyboard/teleop_twist_keyboard.egg-info/requires.txt
[2.144s] writing top-level names to build/teleop_twist_keyboard/teleop_twist_keyboard.egg-info/top_level.txt
[2.179s] reading manifest file 'build/teleop_twist_keyboard/teleop_twist_keyboard.egg-info/SOURCES.txt'
[2.180s] writing manifest file 'build/teleop_twist_keyboard/teleop_twist_keyboard.egg-info/SOURCES.txt'
[2.180s] running build
[2.181s] running build_py
[2.181s] copying teleop_twist_keyboard.py -> /home/long/tello_teleop_twist_keyboard/teleop_twist_keyboard/build/teleop_twist_keyboard/build/lib
[2.181s] running install
[2.181s] running install_lib
[2.182s] copying /home/long/tello_teleop_twist_keyboard/teleop_twist_keyboard/build/teleop_twist_keyboard/build/lib/teleop_twist_keyboard.py -> /home/long/tello_teleop_twist_keyboard/teleop_twist_keyboard/install/teleop_twist_keyboard/lib/python3.8/site-packages
[2.183s] byte-compiling /home/long/tello_teleop_twist_keyboard/teleop_twist_keyboard/install/teleop_twist_keyboard/lib/python3.8/site-packages/teleop_twist_keyboard.py to teleop_twist_keyboard.cpython-38.pyc
[2.185s] running install_data
[2.186s] running install_egg_info
[2.187s] removing '/home/long/tello_teleop_twist_keyboard/teleop_twist_keyboard/install/teleop_twist_keyboard/lib/python3.8/site-packages/teleop_twist_keyboard-2.3.2-py3.8.egg-info' (and everything under it)
[2.188s] Copying build/teleop_twist_keyboard/teleop_twist_keyboard.egg-info to /home/long/tello_teleop_twist_keyboard/teleop_twist_keyboard/install/teleop_twist_keyboard/lib/python3.8/site-packages/teleop_twist_keyboard-2.3.2-py3.8.egg-info
[2.188s] running install_scripts
[2.205s] Installing teleop_twist_keyboard script to /home/long/tello_teleop_twist_keyboard/teleop_twist_keyboard/install/teleop_twist_keyboard/lib/teleop_twist_keyboard
[2.206s] writing list of installed files to '/home/long/tello_teleop_twist_keyboard/teleop_twist_keyboard/build/teleop_twist_keyboard/install.log'
[2.229s] Invoked command in '/home/long/tello_teleop_twist_keyboard/teleop_twist_keyboard' returned '0': PYTHONPATH=/home/long/tello_teleop_twist_keyboard/teleop_twist_keyboard/build/teleop_twist_keyboard/prefix_override:/home/long/tello_teleop_twist_keyboard/teleop_twist_keyboard/install/teleop_twist_keyboard/lib/python3.8/site-packages:${PYTHONPATH} /usr/bin/python3 setup.py egg_info --egg-base build/teleop_twist_keyboard build --build-base /home/long/tello_teleop_twist_keyboard/teleop_twist_keyboard/build/teleop_twist_keyboard/build install --record /home/long/tello_teleop_twist_keyboard/teleop_twist_keyboard/build/teleop_twist_keyboard/install.log --single-version-externally-managed
